<?xml version="1.0" encoding="UTF-8"?>
<!--

    Licensed to Jasig under one or more contributor license
    agreements. See the NOTICE file distributed with this work
    for additional information regarding copyright ownership.
    Jasig licenses this file to you under the Apache License,
    Version 2.0 (the "License"); you may not use this file
    except in compliance with the License. You may obtain a
    copy of the License at:

    http://www.apache.org/licenses/LICENSE-2.0

    Unless required by applicable law or agreed to in writing,
    software distributed under the License is distributed on
    an "AS IS" BASIS, WITHOUT WARRANTIES OR CONDITIONS OF ANY
    KIND, either express or implied. See the License for the
    specific language governing permissions and limitations
    under the License.

-->
<portlet-definition xmlns="https://source.jasig.org/schemas/uportal/io/portlet-definition"
                    xmlns:xsi="http://www.w3.org/2001/XMLSchema-instance"
                    xmlns:ns2="https://source.jasig.org/schemas/uportal"
                    xsi:schemaLocation="https://source.jasig.org/schemas/uportal/io/portlet-definition https://source.jasig.org/schemas/uportal/io/portlet-definition/portlet-definition-4.0.xsd" version="4.0">
    <title>Test Portlet 1</title>
    <name>Test Portlet 1</name>
    <fname>test-portlet-1</fname>
    <desc>Test portlet 1 from Apache Pluto</desc>
    <type>Portlet</type>
    <timeout>600000</timeout>
    <portlet-descriptor>
        <ns2:webAppName>/pluto-testsuite</ns2:webAppName>
        <ns2:portletName>TestPortlet1</ns2:portletName>
    </portlet-descriptor>
    <category>Development</category>
    <group>Everyone</group>
    <parameter>
        <name>editable</name>
        <value>false</value>
    </parameter>
    <parameter>
        <name>hasHelp</name>
        <value>false</value>
    </parameter>
    <parameter>
        <name>hasAbout</name>
        <value>false</value>
    </parameter>
    <parameter>
        <name>secure</name>
        <value>false</value>
    </parameter>
    <parameter>
        <name>locale</name>
        <value>false</value>
    </parameter>
    <portlet-preference> 
        <name>TestName4</name>
        <readOnly>true</readOnly>
        <value>TestValue4</value>
    </portlet-preference>
    <portlet-preference> 
        <name>cdata</name>
        <readOnly>true</readOnly>
        <value>
            &lt;div&gt;To preview My UW-Madison, use one of these example accounts:&lt;/div&gt;
            &lt;table&gt;
            &lt;tbody&gt;
              &lt;tr&gt;
                &lt;td&gt;
                  &lt;form action="/portal/Login" method="post"&gt;
                    &lt;input value="admin" name="userName" type="hidden"/&gt;
                    &lt;input value="admin" name="password" type="hidden"/&gt;
                    &lt;input value="Login as a 'admin'" name="Login" class="uportal-button" type="submit"/&gt;
                  &lt;/form&gt;
                &lt;/td&gt;
               &lt;/tr&gt;
               &lt;tr&gt;
                &lt;td&gt;
                  &lt;form action="/portal/Login" method="post"&gt;
                    &lt;input value="staff" name="userName" type="hidden"/&gt;
                    &lt;input value="staff" name="password" type="hidden"/&gt;
                    &lt;input value="Login as an 'staff'" name="Login" class="uportal-button" type="submit"/&gt;
                  &lt;/form&gt;
                &lt;/td&gt;
              &lt;/tr&gt;
               &lt;tr&gt;
                &lt;td&gt;
                  &lt;form action="/portal/Login" method="post"&gt;
                    &lt;input value="student" name="userName" type="hidden"/&gt;
                    &lt;input value="student" name="password" type="hidden"/&gt;
                    &lt;input value="Login as an 'student'" name="Login" class="uportal-button" type="submit"/&gt;
                  &lt;/form&gt;
                &lt;/td&gt;
              &lt;/tr&gt;
               &lt;tr&gt;
                &lt;td&gt;
                  &lt;form action="/portal/Login" method="post"&gt;
                    &lt;input value="faculty" name="userName" type="hidden"/&gt;
                    &lt;input value="faculty" name="password" type="hidden"/&gt;
                    &lt;input value="Login as an 'faculty'" name="Login" class="uportal-button" type="submit"/&gt;
                  &lt;/form&gt;
                &lt;/td&gt;
              &lt;/tr&gt;
            &lt;/tbody&gt;
            &lt;/table&gt;
        </value>
       
    </portlet-preference>
</portlet-definition>